[0.223s] DEBUG:colcon:Command line arguments: ['/home/ben/.local/bin/colcon', 'build', '--symlink-install']
[0.223s] DEBUG:colcon:Parsed command line arguments: Namespace(log_base=None, log_level=None, verb_name='build', build_base='build', install_base='install', merge_install=False, symlink_install=True, test_result_base=None, continue_on_error=False, executor='parallel', parallel_workers=2, event_handlers=None, ignore_user_meta=False, metas=['./colcon.meta'], base_paths=['.'], packages_ignore=None, packages_ignore_regex=None, paths=None, packages_up_to=None, packages_up_to_regex=None, packages_above=None, packages_above_and_dependencies=None, packages_above_depth=None, packages_select_by_dep=None, packages_skip_by_dep=None, packages_skip_up_to=None, packages_select_build_failed=False, packages_skip_build_finished=False, packages_select_test_failures=False, packages_skip_test_passed=False, packages_select=None, packages_skip=None, packages_select_regex=None, packages_skip_regex=None, packages_start=None, packages_end=None, allow_overriding=[], cmake_args=None, cmake_target=None, cmake_target_skip_unavailable=False, cmake_clean_cache=False, cmake_clean_first=False, cmake_force_configure=False, ament_cmake_args=None, catkin_cmake_args=None, catkin_skip_building_tests=False, mixin_files=None, mixin=None, verb_parser=<colcon_mixin.mixin.mixin_argument.MixinArgumentDecorator object at 0x73501e414ca0>, verb_extension=<colcon_core.verb.build.BuildVerb object at 0x73501e521360>, main=<bound method BuildVerb.main of <colcon_core.verb.build.BuildVerb object at 0x73501e521360>>, mixin_verb=('build',))
[0.549s] Level 1:colcon.colcon_core.package_discovery:discover_packages(colcon_meta) check parameters
[0.549s] Level 1:colcon.colcon_core.package_discovery:discover_packages(recursive) check parameters
[0.549s] Level 1:colcon.colcon_core.package_discovery:discover_packages(ignore) check parameters
[0.549s] Level 1:colcon.colcon_core.package_discovery:discover_packages(path) check parameters
[0.549s] Level 1:colcon.colcon_core.package_discovery:discover_packages(colcon_meta) discover
[0.549s] Level 1:colcon.colcon_core.package_discovery:discover_packages(recursive) discover
[0.549s] INFO:colcon.colcon_core.package_discovery:Crawling recursively for packages in '/home/ben/workspace/ben6'
[0.549s] Level 1:colcon.colcon_core.package_identification:_identify(.) by extensions ['ignore', 'ignore_ament_install']
[0.550s] Level 1:colcon.colcon_core.package_identification:_identify(.) by extension 'ignore'
[0.550s] Level 1:colcon.colcon_core.package_identification:_identify(.) by extension 'ignore_ament_install'
[0.550s] Level 1:colcon.colcon_core.package_identification:_identify(.) by extensions ['colcon_pkg']
[0.550s] Level 1:colcon.colcon_core.package_identification:_identify(.) by extension 'colcon_pkg'
[0.550s] Level 1:colcon.colcon_core.package_identification:_identify(.) by extensions ['colcon_meta']
[0.550s] Level 1:colcon.colcon_core.package_identification:_identify(.) by extension 'colcon_meta'
[0.550s] Level 1:colcon.colcon_core.package_identification:_identify(.) by extensions ['ros']
[0.550s] Level 1:colcon.colcon_core.package_identification:_identify(.) by extension 'ros'
[0.568s] Level 1:colcon.colcon_core.package_identification:_identify(.) by extensions ['cmake', 'python']
[0.568s] Level 1:colcon.colcon_core.package_identification:_identify(.) by extension 'cmake'
[0.568s] Level 1:colcon.colcon_core.package_identification:_identify(.) by extension 'python'
[0.568s] Level 1:colcon.colcon_core.package_identification:_identify(.) by extensions ['python_setup_py']
[0.568s] Level 1:colcon.colcon_core.package_identification:_identify(.) by extension 'python_setup_py'
[0.568s] Level 1:colcon.colcon_core.package_identification:_identify(build) by extensions ['ignore', 'ignore_ament_install']
[0.568s] Level 1:colcon.colcon_core.package_identification:_identify(build) by extension 'ignore'
[0.568s] Level 1:colcon.colcon_core.package_identification:_identify(build) ignored
[0.568s] Level 1:colcon.colcon_core.package_identification:_identify(install) by extensions ['ignore', 'ignore_ament_install']
[0.569s] Level 1:colcon.colcon_core.package_identification:_identify(install) by extension 'ignore'
[0.569s] Level 1:colcon.colcon_core.package_identification:_identify(install) ignored
[0.569s] Level 1:colcon.colcon_core.package_identification:_identify(log) by extensions ['ignore', 'ignore_ament_install']
[0.570s] Level 1:colcon.colcon_core.package_identification:_identify(log) by extension 'ignore'
[0.570s] Level 1:colcon.colcon_core.package_identification:_identify(log) ignored
[0.570s] Level 1:colcon.colcon_core.package_identification:_identify(src) by extensions ['ignore', 'ignore_ament_install']
[0.570s] Level 1:colcon.colcon_core.package_identification:_identify(src) by extension 'ignore'
[0.570s] Level 1:colcon.colcon_core.package_identification:_identify(src) by extension 'ignore_ament_install'
[0.570s] Level 1:colcon.colcon_core.package_identification:_identify(src) by extensions ['colcon_pkg']
[0.570s] Level 1:colcon.colcon_core.package_identification:_identify(src) by extension 'colcon_pkg'
[0.570s] Level 1:colcon.colcon_core.package_identification:_identify(src) by extensions ['colcon_meta']
[0.570s] Level 1:colcon.colcon_core.package_identification:_identify(src) by extension 'colcon_meta'
[0.570s] Level 1:colcon.colcon_core.package_identification:_identify(src) by extensions ['ros']
[0.570s] Level 1:colcon.colcon_core.package_identification:_identify(src) by extension 'ros'
[0.570s] Level 1:colcon.colcon_core.package_identification:_identify(src) by extensions ['cmake', 'python']
[0.570s] Level 1:colcon.colcon_core.package_identification:_identify(src) by extension 'cmake'
[0.570s] Level 1:colcon.colcon_core.package_identification:_identify(src) by extension 'python'
[0.571s] Level 1:colcon.colcon_core.package_identification:_identify(src) by extensions ['python_setup_py']
[0.571s] Level 1:colcon.colcon_core.package_identification:_identify(src) by extension 'python_setup_py'
[0.571s] Level 1:colcon.colcon_core.package_identification:_identify(src/ben01) by extensions ['ignore', 'ignore_ament_install']
[0.571s] Level 1:colcon.colcon_core.package_identification:_identify(src/ben01) by extension 'ignore'
[0.571s] Level 1:colcon.colcon_core.package_identification:_identify(src/ben01) by extension 'ignore_ament_install'
[0.571s] Level 1:colcon.colcon_core.package_identification:_identify(src/ben01) by extensions ['colcon_pkg']
[0.571s] Level 1:colcon.colcon_core.package_identification:_identify(src/ben01) by extension 'colcon_pkg'
[0.571s] Level 1:colcon.colcon_core.package_identification:_identify(src/ben01) by extensions ['colcon_meta']
[0.571s] Level 1:colcon.colcon_core.package_identification:_identify(src/ben01) by extension 'colcon_meta'
[0.571s] Level 1:colcon.colcon_core.package_identification:_identify(src/ben01) by extensions ['ros']
[0.571s] Level 1:colcon.colcon_core.package_identification:_identify(src/ben01) by extension 'ros'
[0.576s] DEBUG:colcon.colcon_core.package_identification:Package 'src/ben01' with type 'ros.ament_cmake' and name 'ben01'
[0.576s] Level 1:colcon.colcon_core.package_discovery:discover_packages(recursive) using defaults
[0.576s] Level 1:colcon.colcon_core.package_discovery:discover_packages(ignore) discover
[0.576s] Level 1:colcon.colcon_core.package_discovery:discover_packages(ignore) using defaults
[0.576s] Level 1:colcon.colcon_core.package_discovery:discover_packages(path) discover
[0.576s] Level 1:colcon.colcon_core.package_discovery:discover_packages(path) using defaults
[0.612s] Level 1:colcon.colcon_core.package_discovery:discover_packages(prefix_path) check parameters
[0.612s] Level 1:colcon.colcon_core.package_discovery:discover_packages(prefix_path) discover
[0.617s] WARNING:colcon.colcon_ros.prefix_path.ament:The path '/home/ben/workspace/ben6/install/ben01' in the environment variable AMENT_PREFIX_PATH doesn't exist
[0.618s] WARNING:colcon.colcon_ros.prefix_path.catkin:The path '/home/ben/workspace/ben6/install/ben01' in the environment variable CMAKE_PREFIX_PATH doesn't exist
[0.620s] DEBUG:colcon.colcon_installed_package_information.package_discovery:Found 0 installed packages in /home/ben/workspace/ben6/install
[0.625s] DEBUG:colcon.colcon_installed_package_information.package_discovery:Found 442 installed packages in /opt/ros/humble
[0.653s] Level 1:colcon.colcon_core.package_discovery:discover_packages(prefix_path) using defaults
[0.778s] Level 5:colcon.colcon_core.verb:set package 'ben01' build argument 'cmake_args' from command line to 'None'
[0.778s] Level 5:colcon.colcon_core.verb:set package 'ben01' build argument 'cmake_target' from command line to 'None'
[0.778s] Level 5:colcon.colcon_core.verb:set package 'ben01' build argument 'cmake_target_skip_unavailable' from command line to 'False'
[0.778s] Level 5:colcon.colcon_core.verb:set package 'ben01' build argument 'cmake_clean_cache' from command line to 'False'
[0.779s] Level 5:colcon.colcon_core.verb:set package 'ben01' build argument 'cmake_clean_first' from command line to 'False'
[0.779s] Level 5:colcon.colcon_core.verb:set package 'ben01' build argument 'cmake_force_configure' from command line to 'False'
[0.779s] Level 5:colcon.colcon_core.verb:set package 'ben01' build argument 'ament_cmake_args' from command line to 'None'
[0.779s] Level 5:colcon.colcon_core.verb:set package 'ben01' build argument 'catkin_cmake_args' from command line to 'None'
[0.779s] Level 5:colcon.colcon_core.verb:set package 'ben01' build argument 'catkin_skip_building_tests' from command line to 'False'
[0.779s] DEBUG:colcon.colcon_core.verb:Building package 'ben01' with the following arguments: {'ament_cmake_args': None, 'build_base': '/home/ben/workspace/ben6/build/ben01', 'catkin_cmake_args': None, 'catkin_skip_building_tests': False, 'cmake_args': None, 'cmake_clean_cache': False, 'cmake_clean_first': False, 'cmake_force_configure': False, 'cmake_target': None, 'cmake_target_skip_unavailable': False, 'install_base': '/home/ben/workspace/ben6/install/ben01', 'merge_install': False, 'path': '/home/ben/workspace/ben6/src/ben01', 'symlink_install': True, 'test_result_base': None}
[0.779s] INFO:colcon.colcon_core.executor:Executing jobs using 'parallel' executor
[0.783s] DEBUG:colcon.colcon_parallel_executor.executor.parallel:run_until_complete
[0.783s] INFO:colcon.colcon_ros.task.ament_cmake.build:Building ROS package in '/home/ben/workspace/ben6/src/ben01' with build type 'ament_cmake'
[0.784s] INFO:colcon.colcon_cmake.task.cmake.build:Building CMake package in '/home/ben/workspace/ben6/src/ben01'
[0.787s] INFO:colcon.colcon_core.plugin_system:Skipping extension 'colcon_core.shell.bat': Not used on non-Windows systems
[0.787s] INFO:colcon.colcon_core.shell:Skip shell extension 'powershell' for command environment: Not usable outside of PowerShell
[0.787s] DEBUG:colcon.colcon_core.shell:Skip shell extension 'dsv' for command environment
[0.803s] DEBUG:colcon.colcon_core.event_handler.log_command:Invoking command in '/home/ben/workspace/ben6/build/ben01': CMAKE_PREFIX_PATH=${CMAKE_PREFIX_PATH}:/opt/ros/humble /usr/bin/cmake /home/ben/workspace/ben6/src/ben01 -DAMENT_CMAKE_SYMLINK_INSTALL=1 -DCMAKE_INSTALL_PREFIX=/home/ben/workspace/ben6/install/ben01
[2.517s] DEBUG:colcon.colcon_core.event_handler.log_command:Invoked command in '/home/ben/workspace/ben6/build/ben01' returned '0': CMAKE_PREFIX_PATH=${CMAKE_PREFIX_PATH}:/opt/ros/humble /usr/bin/cmake /home/ben/workspace/ben6/src/ben01 -DAMENT_CMAKE_SYMLINK_INSTALL=1 -DCMAKE_INSTALL_PREFIX=/home/ben/workspace/ben6/install/ben01
[2.519s] DEBUG:colcon.colcon_core.event_handler.log_command:Invoking command in '/home/ben/workspace/ben6/build/ben01': CMAKE_PREFIX_PATH=${CMAKE_PREFIX_PATH}:/opt/ros/humble /usr/bin/cmake --build /home/ben/workspace/ben6/build/ben01 -- -j2 -l2
[2.628s] DEBUG:colcon.colcon_core.event_handler.log_command:Invoked command in '/home/ben/workspace/ben6/build/ben01' returned '0': CMAKE_PREFIX_PATH=${CMAKE_PREFIX_PATH}:/opt/ros/humble /usr/bin/cmake --build /home/ben/workspace/ben6/build/ben01 -- -j2 -l2
[2.715s] DEBUG:colcon.colcon_core.event_handler.log_command:Invoking command in '/home/ben/workspace/ben6/build/ben01': CMAKE_PREFIX_PATH=${CMAKE_PREFIX_PATH}:/opt/ros/humble /usr/bin/cmake --install /home/ben/workspace/ben6/build/ben01
[3.193s] Level 1:colcon.colcon_core.environment:create_environment_scripts_only(ben01)
[3.194s] DEBUG:colcon.colcon_core.event_handler.log_command:Invoked command in '/home/ben/workspace/ben6/build/ben01' returned '0': CMAKE_PREFIX_PATH=${CMAKE_PREFIX_PATH}:/opt/ros/humble /usr/bin/cmake --install /home/ben/workspace/ben6/build/ben01
[3.198s] Level 1:colcon.colcon_core.environment:checking '/home/ben/workspace/ben6/install/ben01' for CMake module files
[3.199s] Level 1:colcon.colcon_core.environment:checking '/home/ben/workspace/ben6/install/ben01' for CMake config files
[3.201s] Level 1:colcon.colcon_core.shell:create_environment_hook('ben01', 'cmake_prefix_path')
[3.202s] INFO:colcon.colcon_core.shell:Creating environment hook '/home/ben/workspace/ben6/install/ben01/share/ben01/hook/cmake_prefix_path.ps1'
[3.204s] INFO:colcon.colcon_core.shell:Creating environment descriptor '/home/ben/workspace/ben6/install/ben01/share/ben01/hook/cmake_prefix_path.dsv'
[3.204s] INFO:colcon.colcon_core.shell:Creating environment hook '/home/ben/workspace/ben6/install/ben01/share/ben01/hook/cmake_prefix_path.sh'
[3.207s] Level 1:colcon.colcon_core.environment:checking '/home/ben/workspace/ben6/install/ben01/bin'
[3.207s] Level 1:colcon.colcon_core.environment:checking '/home/ben/workspace/ben6/install/ben01/lib/pkgconfig/ben01.pc'
[3.207s] Level 1:colcon.colcon_core.environment:checking '/home/ben/workspace/ben6/install/ben01/lib/python3.10/site-packages'
[3.208s] Level 1:colcon.colcon_core.environment:checking '/home/ben/workspace/ben6/install/ben01/bin'
[3.208s] INFO:colcon.colcon_core.shell:Creating package script '/home/ben/workspace/ben6/install/ben01/share/ben01/package.ps1'
[3.211s] INFO:colcon.colcon_core.shell:Creating package descriptor '/home/ben/workspace/ben6/install/ben01/share/ben01/package.dsv'
[3.212s] INFO:colcon.colcon_core.shell:Creating package script '/home/ben/workspace/ben6/install/ben01/share/ben01/package.sh'
[3.213s] INFO:colcon.colcon_core.shell:Creating package script '/home/ben/workspace/ben6/install/ben01/share/ben01/package.bash'
[3.214s] INFO:colcon.colcon_core.shell:Creating package script '/home/ben/workspace/ben6/install/ben01/share/ben01/package.zsh'
[3.217s] Level 1:colcon.colcon_core.environment:create_file_with_runtime_dependencies(/home/ben/workspace/ben6/install/ben01/share/colcon-core/packages/ben01)
[3.277s] Level 1:colcon.colcon_core.environment:create_environment_scripts_only(ben01)
[3.277s] Level 1:colcon.colcon_core.environment:checking '/home/ben/workspace/ben6/install/ben01' for CMake module files
[3.278s] Level 1:colcon.colcon_core.environment:checking '/home/ben/workspace/ben6/install/ben01' for CMake config files
[3.278s] Level 1:colcon.colcon_core.shell:create_environment_hook('ben01', 'cmake_prefix_path')
[3.278s] INFO:colcon.colcon_core.shell:Creating environment hook '/home/ben/workspace/ben6/install/ben01/share/ben01/hook/cmake_prefix_path.ps1'
[3.279s] INFO:colcon.colcon_core.shell:Creating environment descriptor '/home/ben/workspace/ben6/install/ben01/share/ben01/hook/cmake_prefix_path.dsv'
[3.280s] INFO:colcon.colcon_core.shell:Creating environment hook '/home/ben/workspace/ben6/install/ben01/share/ben01/hook/cmake_prefix_path.sh'
[3.281s] Level 1:colcon.colcon_core.environment:checking '/home/ben/workspace/ben6/install/ben01/bin'
[3.281s] Level 1:colcon.colcon_core.environment:checking '/home/ben/workspace/ben6/install/ben01/lib/pkgconfig/ben01.pc'
[3.282s] Level 1:colcon.colcon_core.environment:checking '/home/ben/workspace/ben6/install/ben01/lib/python3.10/site-packages'
[3.282s] Level 1:colcon.colcon_core.environment:checking '/home/ben/workspace/ben6/install/ben01/bin'
[3.282s] INFO:colcon.colcon_core.shell:Creating package script '/home/ben/workspace/ben6/install/ben01/share/ben01/package.ps1'
[3.283s] INFO:colcon.colcon_core.shell:Creating package descriptor '/home/ben/workspace/ben6/install/ben01/share/ben01/package.dsv'
[3.284s] INFO:colcon.colcon_core.shell:Creating package script '/home/ben/workspace/ben6/install/ben01/share/ben01/package.sh'
[3.285s] INFO:colcon.colcon_core.shell:Creating package script '/home/ben/workspace/ben6/install/ben01/share/ben01/package.bash'
[3.286s] INFO:colcon.colcon_core.shell:Creating package script '/home/ben/workspace/ben6/install/ben01/share/ben01/package.zsh'
[3.287s] Level 1:colcon.colcon_core.environment:create_file_with_runtime_dependencies(/home/ben/workspace/ben6/install/ben01/share/colcon-core/packages/ben01)
[3.288s] DEBUG:colcon.colcon_parallel_executor.executor.parallel:closing loop
[3.288s] DEBUG:colcon.colcon_parallel_executor.executor.parallel:loop closed
[3.288s] DEBUG:colcon.colcon_parallel_executor.executor.parallel:run_until_complete finished with '0'
[3.288s] DEBUG:colcon.colcon_core.event_reactor:joining thread
[3.298s] INFO:colcon.colcon_core.plugin_system:Skipping extension 'colcon_notification.desktop_notification.terminal_notifier': Not used on non-Darwin systems
[3.298s] INFO:colcon.colcon_core.plugin_system:Skipping extension 'colcon_notification.desktop_notification.win32': Not used on non-Windows systems
[3.300s] INFO:colcon.colcon_notification.desktop_notification:Sending desktop notification using 'notify2'
[3.326s] DEBUG:colcon.colcon_core.event_reactor:joined thread
[3.327s] INFO:colcon.colcon_core.shell:Creating prefix script '/home/ben/workspace/ben6/install/local_setup.ps1'
[3.328s] INFO:colcon.colcon_core.shell:Creating prefix util module '/home/ben/workspace/ben6/install/_local_setup_util_ps1.py'
[3.332s] INFO:colcon.colcon_core.shell:Creating prefix chain script '/home/ben/workspace/ben6/install/setup.ps1'
[3.335s] INFO:colcon.colcon_core.shell:Creating prefix script '/home/ben/workspace/ben6/install/local_setup.sh'
[3.336s] INFO:colcon.colcon_core.shell:Creating prefix util module '/home/ben/workspace/ben6/install/_local_setup_util_sh.py'
[3.337s] INFO:colcon.colcon_core.shell:Creating prefix chain script '/home/ben/workspace/ben6/install/setup.sh'
[3.339s] INFO:colcon.colcon_core.shell:Creating prefix script '/home/ben/workspace/ben6/install/local_setup.bash'
[3.339s] INFO:colcon.colcon_core.shell:Creating prefix chain script '/home/ben/workspace/ben6/install/setup.bash'
[3.340s] INFO:colcon.colcon_core.shell:Creating prefix script '/home/ben/workspace/ben6/install/local_setup.zsh'
[3.341s] INFO:colcon.colcon_core.shell:Creating prefix chain script '/home/ben/workspace/ben6/install/setup.zsh'
