-- The C compiler identification is GNU 11.4.0
-- The CXX compiler identification is GNU 11.4.0
-- Detecting C compiler ABI info
-- Detecting C compiler ABI info - done
-- Check for working C compiler: /usr/bin/cc - skipped
-- Detecting C compile features
-- Detecting C compile features - done
-- Detecting CXX compiler ABI info
-- Detecting CXX compiler ABI info - done
-- Check for working CXX compiler: /usr/bin/c++ - skipped
-- Detecting CXX compile features
-- Detecting CXX compile features - done
-- Found ament_cmake: 1.3.10 (/opt/ros/humble/share/ament_cmake/cmake)
-- Found Python3: /usr/bin/python3 (found version "3.10.12") found components: Interpreter 
-- Override CMake install command with custom implementation using symlinks instead of copying resources
-- Found ament_lint_auto: 0.12.11 (/opt/ros/humble/share/ament_lint_auto/cmake)
-- Added test 'lint_cmake' to check CMake code style
-- Added test 'xmllint' to check XML markup files
-- Configuring done
-- Generating done
-- Build files have been written to: /home/ben/workspace/ben6/build/ben01
-- Install configuration: ""
-- Execute custom install script
-- Symlinking: /home/ben/workspace/ben6/install/ben01/share/ament_index/resource_index/package_run_dependencies/ben01
-- Symlinking: /home/ben/workspace/ben6/install/ben01/share/ament_index/resource_index/parent_prefix_path/ben01
-- Symlinking: /home/ben/workspace/ben6/install/ben01/share/ben01/environment/ament_prefix_path.sh
-- Symlinking: /home/ben/workspace/ben6/install/ben01/share/ben01/environment/ament_prefix_path.dsv
-- Symlinking: /home/ben/workspace/ben6/install/ben01/share/ben01/environment/path.sh
-- Symlinking: /home/ben/workspace/ben6/install/ben01/share/ben01/environment/path.dsv
-- Symlinking: /home/ben/workspace/ben6/install/ben01/share/ben01/local_setup.bash
-- Symlinking: /home/ben/workspace/ben6/install/ben01/share/ben01/local_setup.sh
-- Symlinking: /home/ben/workspace/ben6/install/ben01/share/ben01/local_setup.zsh
-- Symlinking: /home/ben/workspace/ben6/install/ben01/share/ben01/local_setup.dsv
-- Symlinking: /home/ben/workspace/ben6/install/ben01/share/ben01/package.dsv
-- Symlinking: /home/ben/workspace/ben6/install/ben01/share/ament_index/resource_index/packages/ben01
-- Symlinking: /home/ben/workspace/ben6/install/ben01/share/ben01/cmake/ben01Config.cmake
-- Symlinking: /home/ben/workspace/ben6/install/ben01/share/ben01/cmake/ben01Config-version.cmake
-- Symlinking: /home/ben/workspace/ben6/install/ben01/share/ben01/package.xml
