[0.020s] Invoking command in '/home/ben/workspace/ben6/build/ben01': CMAKE_PREFIX_PATH=/opt/ros/humble /usr/bin/cmake /home/ben/workspace/ben6/src/ben01 -DAMENT_CMAKE_SYMLINK_INSTALL=1 -DCMAKE_INSTALL_PREFIX=/home/ben/workspace/ben6/install/ben01
[0.179s] -- The C compiler identification is GNU 11.4.0
[0.303s] -- The CXX compiler identification is GNU 11.4.0
[0.327s] -- Detecting C compiler ABI info
[0.466s] -- Detecting C compiler ABI info - done
[0.476s] -- Check for working C compiler: /usr/bin/cc - skipped
[0.477s] -- Detecting C compile features
[0.478s] -- Detecting C compile features - done
[0.484s] -- Detecting CXX compiler ABI info
[0.630s] -- Detecting CXX compiler ABI info - done
[0.637s] -- Check for working CXX compiler: /usr/bin/c++ - skipped
[0.637s] -- Detecting CXX compile features
[0.638s] -- Detecting CXX compile features - done
[0.648s] -- Found ament_cmake: 1.3.10 (/opt/ros/humble/share/ament_cmake/cmake)
[0.892s] -- Found Python3: /usr/bin/python3 (found version "3.10.12") found components: Interpreter 
[0.995s] -- Override CMake install command with custom implementation using symlinks instead of copying resources
[1.098s] -- Found ament_lint_auto: 0.12.11 (/opt/ros/humble/share/ament_lint_auto/cmake)
[1.240s] -- Added test 'lint_cmake' to check CMake code style
[1.243s] -- Added test 'xmllint' to check XML markup files
[1.246s] -- Configuring done
[1.253s] -- Generating done
[1.255s] -- Build files have been written to: /home/ben/workspace/ben6/build/ben01
[1.263s] Invoked command in '/home/ben/workspace/ben6/build/ben01' returned '0': CMAKE_PREFIX_PATH=/opt/ros/humble /usr/bin/cmake /home/ben/workspace/ben6/src/ben01 -DAMENT_CMAKE_SYMLINK_INSTALL=1 -DCMAKE_INSTALL_PREFIX=/home/ben/workspace/ben6/install/ben01
[1.267s] Invoking command in '/home/ben/workspace/ben6/build/ben01': CMAKE_PREFIX_PATH=/opt/ros/humble /usr/bin/cmake --build /home/ben/workspace/ben6/build/ben01 -- -j2 -l2
[1.336s] Invoked command in '/home/ben/workspace/ben6/build/ben01' returned '0': CMAKE_PREFIX_PATH=/opt/ros/humble /usr/bin/cmake --build /home/ben/workspace/ben6/build/ben01 -- -j2 -l2
[1.395s] Invoking command in '/home/ben/workspace/ben6/build/ben01': CMAKE_PREFIX_PATH=/opt/ros/humble /usr/bin/cmake --install /home/ben/workspace/ben6/build/ben01
[1.407s] -- Install configuration: ""
[1.407s] -- Execute custom install script
[1.408s] -- Symlinking: /home/ben/workspace/ben6/install/ben01/share/ament_index/resource_index/package_run_dependencies/ben01
[1.426s] -- Symlinking: /home/ben/workspace/ben6/install/ben01/share/ament_index/resource_index/parent_prefix_path/ben01
[1.443s] -- Symlinking: /home/ben/workspace/ben6/install/ben01/share/ben01/environment/ament_prefix_path.sh
[1.461s] -- Symlinking: /home/ben/workspace/ben6/install/ben01/share/ben01/environment/ament_prefix_path.dsv
[1.478s] -- Symlinking: /home/ben/workspace/ben6/install/ben01/share/ben01/environment/path.sh
[1.495s] -- Symlinking: /home/ben/workspace/ben6/install/ben01/share/ben01/environment/path.dsv
[1.511s] -- Symlinking: /home/ben/workspace/ben6/install/ben01/share/ben01/local_setup.bash
[1.527s] -- Symlinking: /home/ben/workspace/ben6/install/ben01/share/ben01/local_setup.sh
[1.543s] -- Symlinking: /home/ben/workspace/ben6/install/ben01/share/ben01/local_setup.zsh
[1.563s] -- Symlinking: /home/ben/workspace/ben6/install/ben01/share/ben01/local_setup.dsv
[1.578s] -- Symlinking: /home/ben/workspace/ben6/install/ben01/share/ben01/package.dsv
[1.594s] -- Symlinking: /home/ben/workspace/ben6/install/ben01/share/ament_index/resource_index/packages/ben01
[1.611s] -- Symlinking: /home/ben/workspace/ben6/install/ben01/share/ben01/cmake/ben01Config.cmake
[1.625s] -- Symlinking: /home/ben/workspace/ben6/install/ben01/share/ben01/cmake/ben01Config-version.cmake
[1.642s] -- Symlinking: /home/ben/workspace/ben6/install/ben01/share/ben01/package.xml
[1.667s] Invoked command in '/home/ben/workspace/ben6/build/ben01' returned '0': CMAKE_PREFIX_PATH=/opt/ros/humble /usr/bin/cmake --install /home/ben/workspace/ben6/build/ben01
